<?xml version="1.0" encoding="UTF-8"?>
<testng-results ignored="0" total="4" passed="4" failed="0" skipped="0">
  <reporter-output>
  </reporter-output>
  <suite started-at="2020-04-24T13:30:20 IST" name="Default suite" finished-at="2020-04-24T13:30:25 IST" duration-ms="5345">
    <groups>
    </groups>
    <test started-at="2020-04-24T13:30:20 IST" name="Default test" finished-at="2020-04-24T13:30:25 IST" duration-ms="5345">
      <class name="apiTest">
        <test-method signature="deleteRequest()[pri:0, instance:apiTest@5bfa9431]" started-at="2020-04-24T13:30:20 IST" name="deleteRequest" finished-at="2020-04-24T13:30:23 IST" duration-ms="3224" status="PASS">
          <reporter-output>
          </reporter-output>
        </test-method> <!-- deleteRequest -->
        <test-method signature="getRequest()[pri:0, instance:apiTest@5bfa9431]" started-at="2020-04-24T13:30:23 IST" name="getRequest" finished-at="2020-04-24T13:30:23 IST" duration-ms="196" status="PASS">
          <reporter-output>
          </reporter-output>
        </test-method> <!-- getRequest -->
        <test-method signature="postRequest()[pri:0, instance:apiTest@5bfa9431]" started-at="2020-04-24T13:30:23 IST" name="postRequest" finished-at="2020-04-24T13:30:24 IST" duration-ms="994" status="PASS">
          <reporter-output>
          </reporter-output>
        </test-method> <!-- postRequest -->
        <test-method signature="putRequest()[pri:0, instance:apiTest@5bfa9431]" started-at="2020-04-24T13:30:24 IST" name="putRequest" finished-at="2020-04-24T13:30:25 IST" duration-ms="896" status="PASS">
          <reporter-output>
          </reporter-output>
        </test-method> <!-- putRequest -->
      </class> <!-- apiTest -->
    </test> <!-- Default test -->
  </suite> <!-- Default suite -->
</testng-results>
