<?xml version="1.0" encoding="UTF-8"?>
<!-- Generated by org.testng.reporters.JUnitXMLReporter -->
<testsuite ignored="0" hostname="LAPTOP-GUB0VD35" failures="0" tests="4" name="Default test" time="5.345" errors="0" timestamp="2020-04-24T13:30:25 IST">
  <testcase classname="apiTest" name="deleteRequest" time="3.224"/>
  <testcase classname="apiTest" name="getRequest" time="0.196"/>
  <testcase classname="apiTest" name="postRequest" time="0.994"/>
  <testcase classname="apiTest" name="putRequest" time="0.896"/>
</testsuite> <!-- Default test -->
